  [1m[35m (4.0ms)[0m  [1m[34mSELECT sqlite_version(*)[0m
  [1m[35m (1.7ms)[0m  [1m[35mCREATE TABLE "schema_migrations" ("version" varchar NOT NULL PRIMARY KEY)[0m
  [1m[35m (1.8ms)[0m  [1m[35mCREATE TABLE "ar_internal_metadata" ("key" varchar NOT NULL PRIMARY KEY, "value" varchar, "created_at" datetime(6) NOT NULL, "updated_at" datetime(6) NOT NULL)[0m
  [1m[35m (0.2ms)[0m  [1m[34mSELECT "schema_migrations"."version" FROM "schema_migrations" ORDER BY "schema_migrations"."version" ASC[0m
Migrating to CreateTweeets (20200630124035)
  [1m[35m (0.1ms)[0m  [1m[36mbegin transaction[0m
  [1m[35m (0.6ms)[0m  [1m[35mCREATE TABLE "tweeets" ("id" integer PRIMARY KEY AUTOINCREMENT NOT NULL, "tweeet" text, "created_at" datetime(6) NOT NULL, "updated_at" datetime(6) NOT NULL)[0m
  [1m[36mprimary::SchemaMigration Create (0.3ms)[0m  [1m[32mINSERT INTO "schema_migrations" ("version") VALUES (?)[0m  [["version", "20200630124035"]]
  [1m[35m (3.1ms)[0m  [1m[36mcommit transaction[0m
  [1m[36mActiveRecord::InternalMetadata Load (0.3ms)[0m  [1m[34mSELECT "ar_internal_metadata".* FROM "ar_internal_metadata" WHERE "ar_internal_metadata"."key" = ? LIMIT ?[0m  [["key", "environment"], ["LIMIT", 1]]
  [1m[35m (0.1ms)[0m  [1m[36mbegin transaction[0m
  [1m[36mActiveRecord::InternalMetadata Create (0.5ms)[0m  [1m[32mINSERT INTO "ar_internal_metadata" ("key", "value", "created_at", "updated_at") VALUES (?, ?, ?, ?)[0m  [["key", "environment"], ["value", "development"], ["created_at", "2020-06-30 12:44:27.126953"], ["updated_at", "2020-06-30 12:44:27.126953"]]
  [1m[35m (1.7ms)[0m  [1m[36mcommit transaction[0m
  [1m[35m (0.1ms)[0m  [1m[34mSELECT sqlite_version(*)[0m
  [1m[35m (0.5ms)[0m  [1m[34mSELECT "schema_migrations"."version" FROM "schema_migrations" ORDER BY "schema_migrations"."version" ASC[0m
Started GET "/" for ::1 at 2020-06-30 08:45:29 -0400
  [1m[35m (0.8ms)[0m  [1m[34mSELECT sqlite_version(*)[0m
  [1m[35m (0.4ms)[0m  [1m[34mSELECT "schema_migrations"."version" FROM "schema_migrations" ORDER BY "schema_migrations"."version" ASC[0m
Processing by Rails::WelcomeController#index as HTML
  Rendering /Users/Airi/.rbenv/versions/2.6.1/lib/ruby/gems/2.6.0/gems/railties-6.0.3.2/lib/rails/templates/rails/welcome/index.html.erb
  Rendered /Users/Airi/.rbenv/versions/2.6.1/lib/ruby/gems/2.6.0/gems/railties-6.0.3.2/lib/rails/templates/rails/welcome/index.html.erb (Duration: 20.4ms | Allocations: 488)
Completed 200 OK in 45ms (Views: 30.4ms | ActiveRecord: 0.0ms | Allocations: 2798)


Started GET "/" for ::1 at 2020-06-30 08:47:47 -0400
  [1m[35m (0.1ms)[0m  [1m[34mSELECT sqlite_version(*)[0m
Processing by TweeetsController#index as HTML
  Rendering tweeets/index.html.erb within layouts/application
  [1m[36mTweeet Load (0.2ms)[0m  [1m[34mSELECT "tweeets".* FROM "tweeets"[0m
  ↳ app/views/tweeets/index.html.erb:14
  Rendered tweeets/index.html.erb within layouts/application (Duration: 8.9ms | Allocations: 1357)
[Webpacker] Compiling...
[Webpacker] Compiled all packs in /Users/Airi/Documents/TheOdinProject-Rails/twittter/public/packs
[Webpacker] Hash: 15d1bb7b54cf6326b9ba
Version: webpack 4.43.0
Time: 3314ms
Built at: 06/30/2020 8:47:54 AM
                                     Asset       Size       Chunks                         Chunk Names
    js/application-9afcbb5693aa87623e69.js    124 KiB  application  [emitted] [immutable]  application
js/application-9afcbb5693aa87623e69.js.map    139 KiB  application  [emitted] [dev]        application
                             manifest.json  364 bytes               [emitted]              
Entrypoint application = js/application-9afcbb5693aa87623e69.js js/application-9afcbb5693aa87623e69.js.map
[./app/javascript/channels sync recursive _channel\.js$] ./app/javascript/channels sync _channel\.js$ 160 bytes {application} [built]
[./app/javascript/channels/index.js] 211 bytes {application} [built]
[./app/javascript/packs/application.js] 749 bytes {application} [built]
[./node_modules/webpack/buildin/module.js] (webpack)/buildin/module.js 552 bytes {application} [built]
    + 3 hidden modules

Completed 200 OK in 7091ms (Views: 7085.9ms | ActiveRecord: 1.1ms | Allocations: 23794)


Started GET "/tweeets/new" for ::1 at 2020-06-30 08:48:01 -0400
Processing by TweeetsController#new as HTML
  Rendering tweeets/new.html.erb within layouts/application
  Rendered tweeets/_form.html.erb (Duration: 39.8ms | Allocations: 4761)
  Rendered tweeets/new.html.erb within layouts/application (Duration: 41.1ms | Allocations: 5114)
[Webpacker] Everything's up-to-date. Nothing to do
Completed 200 OK in 64ms (Views: 53.6ms | ActiveRecord: 0.9ms | Allocations: 11823)


Started POST "/tweeets" for ::1 at 2020-06-30 08:48:05 -0400
Processing by TweeetsController#create as HTML
  Parameters: {"authenticity_token"=>"QcFUjVxeqFrgsOimFdxDaBNszRK9+iLOcL8eqqj/Wsm3eNJ9HonZqPqtKlui1JfZN9ka2Q/gY44fxGy51f+EaA==", "tweeet"=>{"tweeet"=>"hello~"}, "commit"=>"Create Tweeet"}
  [1m[35m (0.1ms)[0m  [1m[36mbegin transaction[0m
  ↳ app/controllers/tweeets_controller.rb:30:in `block in create'
  [1m[36mTweeet Create (0.8ms)[0m  [1m[32mINSERT INTO "tweeets" ("tweeet", "created_at", "updated_at") VALUES (?, ?, ?)[0m  [["tweeet", "hello~"], ["created_at", "2020-06-30 12:48:05.575231"], ["updated_at", "2020-06-30 12:48:05.575231"]]
  ↳ app/controllers/tweeets_controller.rb:30:in `block in create'
  [1m[35m (1.0ms)[0m  [1m[36mcommit transaction[0m
  ↳ app/controllers/tweeets_controller.rb:30:in `block in create'
Redirected to http://localhost:3000/tweeets/1
Completed 302 Found in 10ms (ActiveRecord: 1.9ms | Allocations: 2904)


Started GET "/tweeets/1" for ::1 at 2020-06-30 08:48:05 -0400
Processing by TweeetsController#show as HTML
  Parameters: {"id"=>"1"}
  [1m[36mTweeet Load (0.3ms)[0m  [1m[34mSELECT "tweeets".* FROM "tweeets" WHERE "tweeets"."id" = ? LIMIT ?[0m  [["id", 1], ["LIMIT", 1]]
  ↳ app/controllers/tweeets_controller.rb:67:in `set_tweeet'
  Rendering tweeets/show.html.erb within layouts/application
  Rendered tweeets/show.html.erb within layouts/application (Duration: 1.1ms | Allocations: 245)
[Webpacker] Everything's up-to-date. Nothing to do
Completed 200 OK in 20ms (Views: 11.9ms | ActiveRecord: 0.3ms | Allocations: 5271)


Started GET "/tweeets" for ::1 at 2020-06-30 08:48:07 -0400
Processing by TweeetsController#index as HTML
  Rendering tweeets/index.html.erb within layouts/application
  [1m[36mTweeet Load (0.1ms)[0m  [1m[34mSELECT "tweeets".* FROM "tweeets"[0m
  ↳ app/views/tweeets/index.html.erb:14
  Rendered tweeets/index.html.erb within layouts/application (Duration: 1.8ms | Allocations: 770)
[Webpacker] Everything's up-to-date. Nothing to do
Completed 200 OK in 11ms (Views: 9.7ms | ActiveRecord: 0.1ms | Allocations: 4672)


Started GET "/tweeets/1" for ::1 at 2020-06-30 08:48:18 -0400
Processing by TweeetsController#show as HTML
  Parameters: {"id"=>"1"}
  [1m[36mTweeet Load (0.3ms)[0m  [1m[34mSELECT "tweeets".* FROM "tweeets" WHERE "tweeets"."id" = ? LIMIT ?[0m  [["id", 1], ["LIMIT", 1]]
  ↳ app/controllers/tweeets_controller.rb:67:in `set_tweeet'
  Rendering tweeets/show.html.erb within layouts/application
  Rendered tweeets/show.html.erb within layouts/application (Duration: 0.4ms | Allocations: 78)
[Webpacker] Everything's up-to-date. Nothing to do
Completed 200 OK in 16ms (Views: 10.5ms | ActiveRecord: 0.3ms | Allocations: 4517)


Started GET "/tweeets" for ::1 at 2020-06-30 08:48:19 -0400
Processing by TweeetsController#index as HTML
  Rendering tweeets/index.html.erb within layouts/application
  [1m[36mTweeet Load (0.9ms)[0m  [1m[34mSELECT "tweeets".* FROM "tweeets"[0m
  ↳ app/views/tweeets/index.html.erb:14
  Rendered tweeets/index.html.erb within layouts/application (Duration: 8.2ms | Allocations: 766)
[Webpacker] Everything's up-to-date. Nothing to do
Completed 200 OK in 20ms (Views: 18.1ms | ActiveRecord: 0.9ms | Allocations: 4667)


Started GET "/tweeets" for ::1 at 2020-06-30 09:03:10 -0400
  [1m[35m (1.1ms)[0m  [1m[34mSELECT sqlite_version(*)[0m
  [1m[35m (0.3ms)[0m  [1m[34mSELECT "schema_migrations"."version" FROM "schema_migrations" ORDER BY "schema_migrations"."version" ASC[0m
Processing by TweeetsController#index as HTML
  Rendering tweeets/index.html.erb within layouts/application
  [1m[36mTweeet Load (0.3ms)[0m  [1m[34mSELECT "tweeets".* FROM "tweeets"[0m
  ↳ app/views/tweeets/index.html.erb:14
  Rendered tweeets/index.html.erb within layouts/application (Duration: 13.2ms | Allocations: 4531)
[Webpacker] Everything's up-to-date. Nothing to do
Completed 200 OK in 2028ms (Views: 2017.6ms | ActiveRecord: 1.2ms | Allocations: 139798)


Started GET "/" for ::1 at 2020-06-30 10:15:13 -0400
  [1m[35m (0.9ms)[0m  [1m[34mSELECT sqlite_version(*)[0m
  [1m[35m (0.4ms)[0m  [1m[34mSELECT "schema_migrations"."version" FROM "schema_migrations" ORDER BY "schema_migrations"."version" ASC[0m
Processing by TweeetsController#index as HTML
  Rendering tweeets/index.html.erb within layouts/application
  [1m[36mTweeet Load (0.4ms)[0m  [1m[34mSELECT "tweeets".* FROM "tweeets"[0m
  ↳ app/views/tweeets/index.html.erb:14
  Rendered tweeets/index.html.erb within layouts/application (Duration: 10.6ms | Allocations: 4581)
[Webpacker] Everything's up-to-date. Nothing to do
Completed 200 OK in 100ms (Views: 88.1ms | ActiveRecord: 1.2ms | Allocations: 15119)


Started GET "/" for ::1 at 2020-06-30 10:31:19 -0400
  [1m[35m (0.1ms)[0m  [1m[34mSELECT sqlite_version(*)[0m
Processing by TweeetsController#index as HTML
  Rendering tweeets/index.html.erb within layouts/application
  [1m[36mTweeet Load (1.6ms)[0m  [1m[34mSELECT "tweeets".* FROM "tweeets"[0m
  ↳ app/views/tweeets/index.html.erb:14
  Rendered tweeets/index.html.erb within layouts/application (Duration: 8.0ms | Allocations: 1046)
[Webpacker] Everything's up-to-date. Nothing to do
Completed 200 OK in 40ms (Views: 34.4ms | ActiveRecord: 1.6ms | Allocations: 6641)


Started GET "/" for ::1 at 2020-06-30 10:37:19 -0400
  [1m[35m (0.1ms)[0m  [1m[34mSELECT sqlite_version(*)[0m
Processing by TweeetsController#index as HTML
  Rendering tweeets/index.html.erb within layouts/application
  [1m[36mTweeet Load (1.2ms)[0m  [1m[34mSELECT "tweeets".* FROM "tweeets"[0m
  ↳ app/views/tweeets/index.html.erb:14
  Rendered tweeets/index.html.erb within layouts/application (Duration: 5.1ms | Allocations: 795)
[Webpacker] Everything's up-to-date. Nothing to do
Completed 200 OK in 2480ms (Views: 2476.2ms | ActiveRecord: 1.2ms | Allocations: 126847)


Started GET "/" for ::1 at 2020-06-30 10:42:52 -0400
  [1m[35m (1.2ms)[0m  [1m[34mSELECT sqlite_version(*)[0m
  [1m[35m (0.4ms)[0m  [1m[34mSELECT "schema_migrations"."version" FROM "schema_migrations" ORDER BY "schema_migrations"."version" ASC[0m
Processing by TweeetsController#index as HTML
  Rendering tweeets/index.html.erb within layouts/application
  [1m[36mTweeet Load (0.4ms)[0m  [1m[34mSELECT "tweeets".* FROM "tweeets"[0m
  ↳ app/views/tweeets/index.html.erb:14
  Rendered tweeets/index.html.erb within layouts/application (Duration: 15.2ms | Allocations: 4341)
[Webpacker] Everything's up-to-date. Nothing to do
Completed 200 OK in 2231ms (Views: 2218.5ms | ActiveRecord: 1.0ms | Allocations: 140412)


Started GET "/" for ::1 at 2020-06-30 11:10:59 -0400
  [1m[35m (0.1ms)[0m  [1m[34mSELECT sqlite_version(*)[0m
Processing by TweeetsController#index as HTML
  Rendering tweeets/index.html.erb within layouts/application
  [1m[36mTweeet Load (0.6ms)[0m  [1m[34mSELECT "tweeets".* FROM "tweeets" ORDER BY created_at DESC LIMIT ?[0m  [["LIMIT", 11]]
  ↳ app/views/tweeets/index.html.erb:4
  [1m[36mCACHE Tweeet Load (0.0ms)[0m  [1m[34mSELECT "tweeets".* FROM "tweeets" ORDER BY created_at DESC LIMIT ?[0m  [["LIMIT", 11]]
  ↳ app/views/tweeets/index.html.erb:4
  [1m[36mCACHE Tweeet Load (0.0ms)[0m  [1m[34mSELECT "tweeets".* FROM "tweeets" ORDER BY created_at DESC LIMIT ?[0m  [["LIMIT", 11]]
  ↳ app/views/tweeets/index.html.erb:4
  [1m[36mCACHE Tweeet Load (0.0ms)[0m  [1m[34mSELECT "tweeets".* FROM "tweeets" ORDER BY created_at DESC LIMIT ?[0m  [["LIMIT", 11]]
  ↳ app/views/tweeets/index.html.erb:4
  [1m[36mCACHE Tweeet Load (0.0ms)[0m  [1m[34mSELECT "tweeets".* FROM "tweeets" ORDER BY created_at DESC LIMIT ?[0m  [["LIMIT", 11]]
  ↳ app/views/tweeets/index.html.erb:4
  [1m[36mCACHE Tweeet Load (0.0ms)[0m  [1m[34mSELECT "tweeets".* FROM "tweeets" ORDER BY created_at DESC LIMIT ?[0m  [["LIMIT", 11]]
  ↳ app/views/tweeets/index.html.erb:4
  [1m[36mCACHE Tweeet Load (0.0ms)[0m  [1m[34mSELECT "tweeets".* FROM "tweeets" ORDER BY created_at DESC LIMIT ?[0m  [["LIMIT", 11]]
  ↳ app/views/tweeets/index.html.erb:4
  [1m[36mCACHE Tweeet Load (0.0ms)[0m  [1m[34mSELECT "tweeets".* FROM "tweeets" ORDER BY created_at DESC LIMIT ?[0m  [["LIMIT", 11]]
  ↳ app/views/tweeets/index.html.erb:4
  Rendered tweeets/_feed.html.erb (Duration: 696.7ms | Allocations: 185292)
  Rendered tweeets/index.html.erb within layouts/application (Duration: 698.1ms | Allocations: 185619)
Completed 500 Internal Server Error in 705ms (ActiveRecord: 0.8ms | Allocations: 187300)



ActionView::Template::Error - undefined local variable or method `tweeets' for #<#<Class:0x00007fe3edbc1ff0>:0x00007fe3edbc0380>
Did you mean?  @tweeets:
  app/views/tweeets/_feed.html.erb:12:in `view template'
  app/views/tweeets/_feed.html.erb:12
  app/views/tweeets/index.html.erb:4

Started POST "/__better_errors/d47189dec9fd368d/variables" for ::1 at 2020-06-30 11:11:00 -0400
  [1m[36mTweeet Load (0.3ms)[0m  [1m[34mSELECT "tweeets".* FROM "tweeets" ORDER BY created_at DESC LIMIT ?[0m  [["LIMIT", 11]]
Started GET "/" for ::1 at 2020-06-30 11:11:10 -0400
Processing by TweeetsController#index as HTML
  Rendering tweeets/index.html.erb within layouts/application
  [1m[36mTweeet Load (1.9ms)[0m  [1m[34mSELECT "tweeets".* FROM "tweeets" ORDER BY created_at DESC[0m
  ↳ app/views/tweeets/_feed.html.erb:12
  Rendered tweeets/_feed.html.erb (Duration: 3.4ms | Allocations: 821)
  Rendered tweeets/index.html.erb within layouts/application (Duration: 4.6ms | Allocations: 1138)
[Webpacker] Everything's up-to-date. Nothing to do
Completed 200 OK in 19ms (Views: 15.7ms | ActiveRecord: 1.9ms | Allocations: 6764)


Started GET "/" for ::1 at 2020-06-30 11:30:24 -0400
  [1m[35m (0.2ms)[0m  [1m[34mSELECT sqlite_version(*)[0m
Processing by TweeetsController#index as HTML
  Rendering tweeets/index.html.erb within layouts/application
  [1m[36mTweeet Load (0.5ms)[0m  [1m[34mSELECT "tweeets".* FROM "tweeets" ORDER BY created_at DESC[0m
  ↳ app/views/tweeets/_feed.html.erb:12
  Rendered tweeets/_feed.html.erb (Duration: 4.8ms | Allocations: 1181)
  Rendered tweeets/index.html.erb within layouts/application (Duration: 6.1ms | Allocations: 1495)
[Webpacker] Everything's up-to-date. Nothing to do
Completed 200 OK in 30ms (Views: 27.1ms | ActiveRecord: 0.5ms | Allocations: 7751)


Started GET "/tweeets/1" for ::1 at 2020-06-30 11:30:48 -0400
Processing by TweeetsController#show as HTML
  Parameters: {"id"=>"1"}
  [1m[36mTweeet Load (0.2ms)[0m  [1m[34mSELECT "tweeets".* FROM "tweeets" WHERE "tweeets"."id" = ? LIMIT ?[0m  [["id", 1], ["LIMIT", 1]]
  ↳ app/controllers/tweeets_controller.rb:67:in `set_tweeet'
  Rendering tweeets/show.html.erb within layouts/application
  Rendered tweeets/show.html.erb within layouts/application (Duration: 1.6ms | Allocations: 242)
[Webpacker] Everything's up-to-date. Nothing to do
Completed 200 OK in 31ms (Views: 11.3ms | ActiveRecord: 0.2ms | Allocations: 8537)


Started GET "/tweeets" for ::1 at 2020-06-30 11:30:49 -0400
Processing by TweeetsController#index as HTML
  Rendering tweeets/index.html.erb within layouts/application
  [1m[36mTweeet Load (0.2ms)[0m  [1m[34mSELECT "tweeets".* FROM "tweeets" ORDER BY created_at DESC[0m
  ↳ app/views/tweeets/_feed.html.erb:12
  Rendered tweeets/_feed.html.erb (Duration: 1.9ms | Allocations: 803)
  Rendered tweeets/index.html.erb within layouts/application (Duration: 2.3ms | Allocations: 867)
[Webpacker] Everything's up-to-date. Nothing to do
Completed 200 OK in 17ms (Views: 14.4ms | ActiveRecord: 0.2ms | Allocations: 5876)


Started GET "/tweeets/1/edit" for ::1 at 2020-06-30 11:30:51 -0400
Processing by TweeetsController#edit as HTML
  Parameters: {"id"=>"1"}
  [1m[36mTweeet Load (0.3ms)[0m  [1m[34mSELECT "tweeets".* FROM "tweeets" WHERE "tweeets"."id" = ? LIMIT ?[0m  [["id", 1], ["LIMIT", 1]]
  ↳ app/controllers/tweeets_controller.rb:67:in `set_tweeet'
  Rendering tweeets/edit.html.erb within layouts/application
  Rendered tweeets/_form.html.erb (Duration: 19.3ms | Allocations: 4314)
  Rendered tweeets/edit.html.erb within layouts/application (Duration: 21.2ms | Allocations: 4711)
[Webpacker] Everything's up-to-date. Nothing to do
Completed 200 OK in 39ms (Views: 31.1ms | ActiveRecord: 0.3ms | Allocations: 10399)


Started GET "/tweeets" for ::1 at 2020-06-30 11:30:52 -0400
Processing by TweeetsController#index as HTML
  Rendering tweeets/index.html.erb within layouts/application
  [1m[36mTweeet Load (1.1ms)[0m  [1m[34mSELECT "tweeets".* FROM "tweeets" ORDER BY created_at DESC[0m
  ↳ app/views/tweeets/_feed.html.erb:12
  Rendered tweeets/_feed.html.erb (Duration: 7.1ms | Allocations: 802)
  Rendered tweeets/index.html.erb within layouts/application (Duration: 7.5ms | Allocations: 866)
[Webpacker] Everything's up-to-date. Nothing to do
Completed 200 OK in 23ms (Views: 15.5ms | ActiveRecord: 1.1ms | Allocations: 5880)


Started GET "/tweeets" for ::1 at 2020-06-30 11:36:37 -0400
  [1m[35m (0.1ms)[0m  [1m[34mSELECT sqlite_version(*)[0m
Processing by TweeetsController#index as HTML
  Rendering tweeets/index.html.erb within layouts/application
  [1m[36mTweeet Load (0.3ms)[0m  [1m[34mSELECT "tweeets".* FROM "tweeets" ORDER BY created_at DESC[0m
  ↳ app/views/tweeets/_feed.html.erb:12
  Rendered tweeets/_feed.html.erb (Duration: 2.9ms | Allocations: 1121)
  Rendered tweeets/_who-to-follow.html.erb (Duration: 0.4ms | Allocations: 124)
  Rendered tweeets/index.html.erb within layouts/application (Duration: 6.6ms | Allocations: 1780)
[Webpacker] Everything's up-to-date. Nothing to do
Completed 200 OK in 24ms (Views: 22.0ms | ActiveRecord: 0.3ms | Allocations: 8032)


Started GET "/tweeets" for ::1 at 2020-06-30 11:38:08 -0400
Processing by TweeetsController#index as HTML
  Rendering tweeets/index.html.erb within layouts/application
  [1m[36mTweeet Load (0.2ms)[0m  [1m[34mSELECT "tweeets".* FROM "tweeets" ORDER BY created_at DESC[0m
  ↳ app/views/tweeets/_feed.html.erb:12
  Rendered tweeets/_feed.html.erb (Duration: 11.0ms | Allocations: 1118)
  Rendered tweeets/_who-to-follow.html.erb (Duration: 0.3ms | Allocations: 146)
  Rendered tweeets/index.html.erb within layouts/application (Duration: 12.9ms | Allocations: 1791)
[Webpacker] Everything's up-to-date. Nothing to do
Completed 200 OK in 27ms (Views: 25.4ms | ActiveRecord: 0.2ms | Allocations: 8046)


Started GET "/tweeets" for ::1 at 2020-06-30 11:41:38 -0400
Processing by TweeetsController#index as HTML
  Rendering tweeets/index.html.erb within layouts/application
  Rendered tweeets/_trends.html.erb (Duration: 0.3ms | Allocations: 105)
  [1m[36mTweeet Load (0.2ms)[0m  [1m[34mSELECT "tweeets".* FROM "tweeets" ORDER BY created_at DESC[0m
  ↳ app/views/tweeets/_feed.html.erb:12
  Rendered tweeets/_feed.html.erb (Duration: 2.1ms | Allocations: 1117)
  Rendered tweeets/_who-to-follow.html.erb (Duration: 0.3ms | Allocations: 138)
  Rendered tweeets/index.html.erb within layouts/application (Duration: 5.8ms | Allocations: 2105)
[Webpacker] Everything's up-to-date. Nothing to do
Completed 200 OK in 23ms (Views: 21.5ms | ActiveRecord: 0.2ms | Allocations: 8347)


Started GET "/tweeets" for ::1 at 2020-06-30 11:49:12 -0400
  [1m[35m (0.1ms)[0m  [1m[34mSELECT sqlite_version(*)[0m
Processing by TweeetsController#index as HTML
  Rendering tweeets/index.html.erb within layouts/application
  Rendered tweeets/_trends.html.erb (Duration: 0.4ms | Allocations: 102)
  Rendered tweeets/_form.html.erb (Duration: 203.9ms | Allocations: 17223)
  Rendered tweeets/_feed.html.erb (Duration: 205.8ms | Allocations: 17768)
  Rendered tweeets/index.html.erb within layouts/application (Duration: 207.9ms | Allocations: 18421)
Completed 500 Internal Server Error in 213ms (ActiveRecord: 0.0ms | Allocations: 19708)



ActionView::Template::Error - undefined method `model_name' for nil:NilClass:
  app/views/tweeets/_form.html.erb:1:in `view template'
  app/views/tweeets/_form.html.erb:1
  app/views/tweeets/_feed.html.erb:9
  app/views/tweeets/index.html.erb:5

Started POST "/__better_errors/ecc93c1bf587f92c/variables" for ::1 at 2020-06-30 11:49:13 -0400
  [1m[36mTweeet Load (1.5ms)[0m  [1m[34mSELECT "tweeets".* FROM "tweeets" ORDER BY created_at DESC LIMIT ?[0m  [["LIMIT", 11]]
Started GET "/tweeets" for ::1 at 2020-06-30 11:50:52 -0400
  [1m[35m (0.1ms)[0m  [1m[34mSELECT sqlite_version(*)[0m
Processing by TweeetsController#index as HTML
  Rendering tweeets/index.html.erb within layouts/application
  Rendered tweeets/_trends.html.erb (Duration: 0.1ms | Allocations: 6)
  [1m[36mTweeet Load (0.5ms)[0m  [1m[34mSELECT "tweeets".* FROM "tweeets" ORDER BY created_at DESC LIMIT ?[0m  [["LIMIT", 11]]
  ↳ app/views/tweeets/_feed.html.erb:9
  [1m[36mCACHE Tweeet Load (0.0ms)[0m  [1m[34mSELECT "tweeets".* FROM "tweeets" ORDER BY created_at DESC LIMIT ?[0m  [["LIMIT", 11]]
  ↳ app/views/tweeets/_feed.html.erb:9
  [1m[36mCACHE Tweeet Load (0.0ms)[0m  [1m[34mSELECT "tweeets".* FROM "tweeets" ORDER BY created_at DESC LIMIT ?[0m  [["LIMIT", 11]]
  ↳ app/views/tweeets/_feed.html.erb:9
  [1m[36mCACHE Tweeet Load (0.0ms)[0m  [1m[34mSELECT "tweeets".* FROM "tweeets" ORDER BY created_at DESC LIMIT ?[0m  [["LIMIT", 11]]
  ↳ app/views/tweeets/_feed.html.erb:9
  [1m[36mCACHE Tweeet Load (0.0ms)[0m  [1m[34mSELECT "tweeets".* FROM "tweeets" ORDER BY created_at DESC LIMIT ?[0m  [["LIMIT", 11]]
  ↳ app/views/tweeets/_feed.html.erb:9
  [1m[36mCACHE Tweeet Load (0.0ms)[0m  [1m[34mSELECT "tweeets".* FROM "tweeets" ORDER BY created_at DESC LIMIT ?[0m  [["LIMIT", 11]]
  ↳ app/views/tweeets/_feed.html.erb:9
  [1m[36mCACHE Tweeet Load (0.0ms)[0m  [1m[34mSELECT "tweeets".* FROM "tweeets" ORDER BY created_at DESC LIMIT ?[0m  [["LIMIT", 11]]
  ↳ app/views/tweeets/_feed.html.erb:9
  [1m[36mCACHE Tweeet Load (0.0ms)[0m  [1m[34mSELECT "tweeets".* FROM "tweeets" ORDER BY created_at DESC LIMIT ?[0m  [["LIMIT", 11]]
  ↳ app/views/tweeets/_feed.html.erb:9
  [1m[36mCACHE Tweeet Load (0.0ms)[0m  [1m[34mSELECT "tweeets".* FROM "tweeets" ORDER BY created_at DESC LIMIT ?[0m  [["LIMIT", 11]]
  ↳ app/views/tweeets/_feed.html.erb:9
  [1m[36mCACHE Tweeet Load (0.0ms)[0m  [1m[34mSELECT "tweeets".* FROM "tweeets" ORDER BY created_at DESC LIMIT ?[0m  [["LIMIT", 11]]
  ↳ app/views/tweeets/_feed.html.erb:9
  Rendered tweeets/_form.html.erb (Duration: 406.2ms | Allocations: 108942)
  Rendered tweeets/_feed.html.erb (Duration: 406.5ms | Allocations: 109013)
  Rendered tweeets/index.html.erb within layouts/application (Duration: 407.1ms | Allocations: 109145)
Completed 500 Internal Server Error in 420ms (ActiveRecord: 1.9ms | Allocations: 113005)



ActionView::Template::Error - undefined method `error_notifications' for #<SimpleForm::FormBuilder:0x00007fe3edb01908>
Did you mean?  error_notification:
  app/views/tweeets/_form.html.erb:2:in `view template'
  app/views/tweeets/_form.html.erb:2
  app/views/tweeets/_form.html.erb:1
  app/views/tweeets/_feed.html.erb:9
  app/views/tweeets/index.html.erb:5

Started POST "/__better_errors/8a50b5e085228d12/variables" for ::1 at 2020-06-30 11:50:53 -0400
  [1m[36mTweeet Load (0.3ms)[0m  [1m[34mSELECT "tweeets".* FROM "tweeets" ORDER BY created_at DESC LIMIT ?[0m  [["LIMIT", 11]]
Started GET "/tweeets" for ::1 at 2020-06-30 11:51:18 -0400
Processing by TweeetsController#index as HTML
  Rendering tweeets/index.html.erb within layouts/application
  Rendered tweeets/_trends.html.erb (Duration: 0.3ms | Allocations: 102)
  Rendered tweeets/_form.html.erb (Duration: 12.1ms | Allocations: 3377)
  [1m[36mTweeet Load (0.2ms)[0m  [1m[34mSELECT "tweeets".* FROM "tweeets" ORDER BY created_at DESC[0m
  ↳ app/views/tweeets/_feed.html.erb:14
  Rendered tweeets/_feed.html.erb (Duration: 18.0ms | Allocations: 4702)
  Rendered tweeets/_who-to-follow.html.erb (Duration: 0.5ms | Allocations: 138)
  Rendered tweeets/index.html.erb within layouts/application (Duration: 23.7ms | Allocations: 5690)
[Webpacker] Everything's up-to-date. Nothing to do
Completed 200 OK in 106ms (Views: 104.1ms | ActiveRecord: 0.2ms | Allocations: 11859)


Started GET "/tweeets" for ::1 at 2020-06-30 11:52:19 -0400
Processing by TweeetsController#index as HTML
  Rendering tweeets/index.html.erb within layouts/application
  Rendered tweeets/_trends.html.erb (Duration: 0.4ms | Allocations: 102)
  Rendered tweeets/_form.html.erb (Duration: 5.9ms | Allocations: 2892)
  [1m[36mTweeet Load (0.2ms)[0m  [1m[34mSELECT "tweeets".* FROM "tweeets" ORDER BY created_at DESC[0m
  ↳ app/views/tweeets/_feed.html.erb:14
  Rendered tweeets/_feed.html.erb (Duration: 9.5ms | Allocations: 4216)
  Rendered tweeets/_who-to-follow.html.erb (Duration: 0.3ms | Allocations: 138)
  Rendered tweeets/index.html.erb within layouts/application (Duration: 12.7ms | Allocations: 5204)
[Webpacker] Everything's up-to-date. Nothing to do
Completed 200 OK in 28ms (Views: 26.2ms | ActiveRecord: 0.2ms | Allocations: 11367)


Started GET "/tweeets" for ::1 at 2020-06-30 11:53:33 -0400
Processing by TweeetsController#index as HTML
  Rendering tweeets/index.html.erb within layouts/application
  Rendered tweeets/_trends.html.erb (Duration: 0.3ms | Allocations: 102)
  Rendered tweeets/_form.html.erb (Duration: 6.2ms | Allocations: 2888)
  [1m[36mTweeet Load (0.2ms)[0m  [1m[34mSELECT "tweeets".* FROM "tweeets" ORDER BY created_at DESC[0m
  ↳ app/views/tweeets/_feed.html.erb:14
  Rendered tweeets/_feed.html.erb (Duration: 10.3ms | Allocations: 4217)
  Rendered tweeets/_who-to-follow.html.erb (Duration: 0.3ms | Allocations: 138)
  Rendered tweeets/index.html.erb within layouts/application (Duration: 13.5ms | Allocations: 5197)
[Webpacker] Everything's up-to-date. Nothing to do
Completed 200 OK in 26ms (Views: 25.0ms | ActiveRecord: 0.2ms | Allocations: 11350)


Started GET "/tweeets" for ::1 at 2020-06-30 11:53:59 -0400
Processing by TweeetsController#index as HTML
  Rendering tweeets/index.html.erb within layouts/application
  Rendered tweeets/_trends.html.erb (Duration: 0.3ms | Allocations: 102)
  Rendered tweeets/_form.html.erb (Duration: 4.7ms | Allocations: 2888)
  [1m[36mTweeet Load (0.2ms)[0m  [1m[34mSELECT "tweeets".* FROM "tweeets" ORDER BY created_at DESC[0m
  ↳ app/views/tweeets/_feed.html.erb:14
  Rendered tweeets/_feed.html.erb (Duration: 7.9ms | Allocations: 4216)
  Rendered tweeets/_who-to-follow.html.erb (Duration: 0.3ms | Allocations: 138)
  Rendered tweeets/index.html.erb within layouts/application (Duration: 10.8ms | Allocations: 5196)
[Webpacker] Everything's up-to-date. Nothing to do
Completed 200 OK in 21ms (Views: 19.4ms | ActiveRecord: 0.2ms | Allocations: 11351)


Started GET "/tweeets" for ::1 at 2020-06-30 11:55:43 -0400
Processing by TweeetsController#index as HTML
  Rendering tweeets/index.html.erb within layouts/application
  Rendered tweeets/_trends.html.erb (Duration: 0.3ms | Allocations: 102)
  Rendered tweeets/_form.html.erb (Duration: 20.3ms | Allocations: 2891)
  [1m[36mTweeet Load (0.3ms)[0m  [1m[34mSELECT "tweeets".* FROM "tweeets" ORDER BY created_at DESC[0m
  ↳ app/views/tweeets/_feed.html.erb:14
  Rendered tweeets/_feed.html.erb (Duration: 25.9ms | Allocations: 4222)
  Rendered tweeets/_who-to-follow.html.erb (Duration: 0.9ms | Allocations: 143)
  Rendered tweeets/index.html.erb within layouts/application (Duration: 30.1ms | Allocations: 5208)
[Webpacker] Everything's up-to-date. Nothing to do
Completed 200 OK in 53ms (Views: 50.3ms | ActiveRecord: 0.3ms | Allocations: 11374)


Started GET "/tweeets" for ::1 at 2020-06-30 11:57:23 -0400
Processing by TweeetsController#index as HTML
  Rendering tweeets/index.html.erb within layouts/application
  Rendered tweeets/_trends.html.erb (Duration: 0.3ms | Allocations: 102)
  Rendered tweeets/_form.html.erb (Duration: 3.8ms | Allocations: 2888)
  [1m[36mTweeet Load (0.7ms)[0m  [1m[34mSELECT "tweeets".* FROM "tweeets" ORDER BY created_at DESC[0m
  ↳ app/views/tweeets/_feed.html.erb:14
  Rendered tweeets/_feed.html.erb (Duration: 7.9ms | Allocations: 4210)
  Rendered tweeets/_who-to-follow.html.erb (Duration: 0.4ms | Allocations: 138)
  Rendered tweeets/index.html.erb within layouts/application (Duration: 11.0ms | Allocations: 5192)
[Webpacker] Everything's up-to-date. Nothing to do
Completed 200 OK in 23ms (Views: 21.2ms | ActiveRecord: 0.7ms | Allocations: 11346)


Started GET "/tweeets" for ::1 at 2020-06-30 11:57:35 -0400
Processing by TweeetsController#index as HTML
  Rendering tweeets/index.html.erb within layouts/application
  Rendered tweeets/_trends.html.erb (Duration: 0.2ms | Allocations: 102)
  Rendered tweeets/_form.html.erb (Duration: 4.7ms | Allocations: 2888)
  [1m[36mTweeet Load (0.2ms)[0m  [1m[34mSELECT "tweeets".* FROM "tweeets" ORDER BY created_at DESC[0m
  ↳ app/views/tweeets/_feed.html.erb:14
  Rendered tweeets/_feed.html.erb (Duration: 7.0ms | Allocations: 4216)
  Rendered tweeets/_who-to-follow.html.erb (Duration: 0.3ms | Allocations: 138)
  Rendered tweeets/index.html.erb within layouts/application (Duration: 9.4ms | Allocations: 5196)
[Webpacker] Everything's up-to-date. Nothing to do
Completed 200 OK in 19ms (Views: 18.0ms | ActiveRecord: 0.2ms | Allocations: 11350)


Started GET "/tweeets" for ::1 at 2020-06-30 12:01:27 -0400
Processing by TweeetsController#index as HTML
  Rendering tweeets/index.html.erb within layouts/application
  Rendered tweeets/_trends.html.erb (Duration: 0.3ms | Allocations: 102)
  Rendered tweeets/_form.html.erb (Duration: 6.2ms | Allocations: 2892)
  [1m[36mTweeet Load (0.4ms)[0m  [1m[34mSELECT "tweeets".* FROM "tweeets" ORDER BY created_at DESC[0m
  ↳ app/views/tweeets/_feed.html.erb:14
  Rendered tweeets/_feed.html.erb (Duration: 11.9ms | Allocations: 4215)
  Rendered tweeets/_who-to-follow.html.erb (Duration: 0.6ms | Allocations: 138)
  Rendered tweeets/index.html.erb within layouts/application (Duration: 14.9ms | Allocations: 5203)
[Webpacker] Everything's up-to-date. Nothing to do
Completed 200 OK in 35ms (Views: 30.6ms | ActiveRecord: 0.4ms | Allocations: 11366)


Started GET "/tweeets" for ::1 at 2020-06-30 12:01:40 -0400
Processing by TweeetsController#index as HTML
  Rendering tweeets/index.html.erb within layouts/application
  Rendered tweeets/_trends.html.erb (Duration: 0.2ms | Allocations: 102)
  Rendered tweeets/_form.html.erb (Duration: 3.6ms | Allocations: 2888)
  [1m[36mTweeet Load (0.2ms)[0m  [1m[34mSELECT "tweeets".* FROM "tweeets" ORDER BY created_at DESC[0m
  ↳ app/views/tweeets/_feed.html.erb:14
  Rendered tweeets/_feed.html.erb (Duration: 6.1ms | Allocations: 4216)
  Rendered tweeets/_who-to-follow.html.erb (Duration: 0.3ms | Allocations: 138)
  Rendered tweeets/index.html.erb within layouts/application (Duration: 8.6ms | Allocations: 5196)
[Webpacker] Everything's up-to-date. Nothing to do
Completed 200 OK in 20ms (Views: 19.1ms | ActiveRecord: 0.2ms | Allocations: 11349)


Started GET "/tweeets" for ::1 at 2020-06-30 12:02:21 -0400
Processing by TweeetsController#index as HTML
  Rendering tweeets/index.html.erb within layouts/application
  Rendered tweeets/_trends.html.erb (Duration: 0.3ms | Allocations: 102)
  Rendered tweeets/_form.html.erb (Duration: 6.3ms | Allocations: 2892)
  [1m[36mTweeet Load (0.2ms)[0m  [1m[34mSELECT "tweeets".* FROM "tweeets" ORDER BY created_at DESC[0m
  ↳ app/views/tweeets/_feed.html.erb:14
  Rendered tweeets/_feed.html.erb (Duration: 8.9ms | Allocations: 4215)
  Rendered tweeets/_who-to-follow.html.erb (Duration: 0.3ms | Allocations: 138)
  Rendered tweeets/index.html.erb within layouts/application (Duration: 11.7ms | Allocations: 5203)
[Webpacker] Everything's up-to-date. Nothing to do
Completed 200 OK in 24ms (Views: 21.9ms | ActiveRecord: 0.2ms | Allocations: 11375)


Started GET "/" for ::1 at 2020-06-30 12:27:34 -0400
  [1m[35m (1.2ms)[0m  [1m[34mSELECT sqlite_version(*)[0m
  [1m[35m (2.2ms)[0m  [1m[34mSELECT "schema_migrations"."version" FROM "schema_migrations" ORDER BY "schema_migrations"."version" ASC[0m
Processing by TweeetsController#index as HTML
  Rendering tweeets/index.html.erb within layouts/application
  Rendered tweeets/_trends.html.erb (Duration: 0.4ms | Allocations: 105)
  Rendered tweeets/_form.html.erb (Duration: 109.5ms | Allocations: 11300)
  [1m[36mTweeet Load (0.5ms)[0m  [1m[34mSELECT "tweeets".* FROM "tweeets" ORDER BY created_at DESC[0m
  ↳ app/views/tweeets/_feed.html.erb:14
  Rendered tweeets/_feed.html.erb (Duration: 113.6ms | Allocations: 12675)
  Rendered tweeets/_who-to-follow.html.erb (Duration: 0.7ms | Allocations: 146)
  Rendered tweeets/index.html.erb within layouts/application (Duration: 122.4ms | Allocations: 13804)
[Webpacker] Everything's up-to-date. Nothing to do
Completed 200 OK in 304ms (Views: 273.4ms | ActiveRecord: 1.5ms | Allocations: 26712)


Started GET "/" for ::1 at 2020-06-30 12:29:40 -0400
Processing by TweeetsController#index as HTML
  Rendering tweeets/index.html.erb within layouts/application
  Rendered tweeets/_trends.html.erb (Duration: 0.5ms | Allocations: 102)
  Rendered tweeets/_form.html.erb (Duration: 11.5ms | Allocations: 2889)
  [1m[36mTweeet Load (0.3ms)[0m  [1m[34mSELECT "tweeets".* FROM "tweeets" ORDER BY created_at DESC[0m
  ↳ app/views/tweeets/_feed.html.erb:14
  Rendered tweeets/_feed.html.erb (Duration: 18.6ms | Allocations: 4217)
  Rendered tweeets/_who-to-follow.html.erb (Duration: 0.5ms | Allocations: 138)
  Rendered tweeets/index.html.erb within layouts/application (Duration: 22.8ms | Allocations: 5200)
[Webpacker] Everything's up-to-date. Nothing to do
Completed 200 OK in 79ms (Views: 76.4ms | ActiveRecord: 0.3ms | Allocations: 11385)


Started GET "/" for ::1 at 2020-06-30 12:30:04 -0400
Processing by TweeetsController#index as HTML
  Rendering tweeets/index.html.erb within layouts/application
  Rendered tweeets/_trends.html.erb (Duration: 0.8ms | Allocations: 102)
  Rendered tweeets/_form.html.erb (Duration: 3.6ms | Allocations: 2892)
  [1m[36mTweeet Load (0.2ms)[0m  [1m[34mSELECT "tweeets".* FROM "tweeets" ORDER BY created_at DESC[0m
  ↳ app/views/tweeets/_feed.html.erb:15
  Rendered tweeets/_feed.html.erb (Duration: 6.2ms | Allocations: 4218)
  Rendered tweeets/_who-to-follow.html.erb (Duration: 0.3ms | Allocations: 138)
  Rendered tweeets/index.html.erb within layouts/application (Duration: 10.0ms | Allocations: 5206)
[Webpacker] Everything's up-to-date. Nothing to do
Completed 200 OK in 20ms (Views: 18.4ms | ActiveRecord: 0.2ms | Allocations: 11379)


Started GET "/" for ::1 at 2020-06-30 12:30:51 -0400
Processing by TweeetsController#index as HTML
  Rendering tweeets/index.html.erb within layouts/application
  Rendered tweeets/_trends.html.erb (Duration: 0.3ms | Allocations: 102)
  Rendered tweeets/_form.html.erb (Duration: 8.1ms | Allocations: 2888)
  [1m[36mTweeet Load (0.2ms)[0m  [1m[34mSELECT "tweeets".* FROM "tweeets" ORDER BY created_at DESC[0m
  ↳ app/views/tweeets/_feed.html.erb:13
  Rendered tweeets/_feed.html.erb (Duration: 13.3ms | Allocations: 4219)
  Rendered tweeets/_who-to-follow.html.erb (Duration: 1.1ms | Allocations: 138)
  Rendered tweeets/index.html.erb within layouts/application (Duration: 17.5ms | Allocations: 5200)
[Webpacker] Everything's up-to-date. Nothing to do
Completed 200 OK in 39ms (Views: 37.4ms | ActiveRecord: 0.2ms | Allocations: 11372)


Started GET "/" for ::1 at 2020-06-30 12:31:44 -0400
Processing by TweeetsController#index as HTML
  Rendering tweeets/index.html.erb within layouts/application
  Rendered tweeets/_trends.html.erb (Duration: 0.4ms | Allocations: 102)
  Rendered tweeets/_form.html.erb (Duration: 6.7ms | Allocations: 2889)
  [1m[36mTweeet Load (0.2ms)[0m  [1m[34mSELECT "tweeets".* FROM "tweeets" ORDER BY created_at DESC[0m
  ↳ app/views/tweeets/_feed.html.erb:13
  Rendered tweeets/_feed.html.erb (Duration: 10.1ms | Allocations: 4219)
  Rendered tweeets/_who-to-follow.html.erb (Duration: 0.3ms | Allocations: 138)
  Rendered tweeets/index.html.erb within layouts/application (Duration: 14.7ms | Allocations: 5200)
[Webpacker] Everything's up-to-date. Nothing to do
Completed 200 OK in 39ms (Views: 35.7ms | ActiveRecord: 0.2ms | Allocations: 11370)


Started GET "/" for ::1 at 2020-07-07 10:13:02 -0400
  [1m[35m (0.8ms)[0m  [1m[34mSELECT sqlite_version(*)[0m
  [1m[35m (0.4ms)[0m  [1m[34mSELECT "schema_migrations"."version" FROM "schema_migrations" ORDER BY "schema_migrations"."version" ASC[0m
Processing by TweeetsController#index as HTML
  Rendering tweeets/index.html.erb within layouts/application
  Rendered tweeets/_trends.html.erb (Duration: 0.3ms | Allocations: 131)
  Rendered tweeets/_form.html.erb (Duration: 51.1ms | Allocations: 11378)
  [1m[36mTweeet Load (0.4ms)[0m  [1m[34mSELECT "tweeets".* FROM "tweeets" ORDER BY created_at DESC[0m
  ↳ app/views/tweeets/_feed.html.erb:13
  Rendered tweeets/_feed.html.erb (Duration: 54.1ms | Allocations: 12800)
  Rendered tweeets/_who-to-follow.html.erb (Duration: 0.5ms | Allocations: 212)
  Rendered tweeets/index.html.erb within layouts/application (Duration: 58.5ms | Allocations: 14204)
[Webpacker] Everything's up-to-date. Nothing to do
Completed 200 OK in 107ms (Views: 94.5ms | ActiveRecord: 1.0ms | Allocations: 28717)


Started POST "/tweeets" for ::1 at 2020-07-07 10:13:10 -0400
Processing by TweeetsController#create as HTML
  Parameters: {"authenticity_token"=>"v2/uYX1zv62eZKhjphRvbAggtW5DxBFbe1CGFJLjavkYifeliT50mblwaTrIPZRXMSMrFSc3YK2PjS3LNPcSfw==", "tweeet"=>{"tweeet"=>"Tweet #2!"}, "commit"=>"Create Tweeet"}
  [1m[35m (0.1ms)[0m  [1m[36mbegin transaction[0m
  ↳ app/controllers/tweeets_controller.rb:31:in `block in create'
  [1m[36mTweeet Create (1.2ms)[0m  [1m[32mINSERT INTO "tweeets" ("tweeet", "created_at", "updated_at") VALUES (?, ?, ?)[0m  [["tweeet", "Tweet #2!"], ["created_at", "2020-07-07 14:13:10.369006"], ["updated_at", "2020-07-07 14:13:10.369006"]]
  ↳ app/controllers/tweeets_controller.rb:31:in `block in create'
  [1m[35m (0.8ms)[0m  [1m[36mcommit transaction[0m
  ↳ app/controllers/tweeets_controller.rb:31:in `block in create'
Redirected to http://localhost:3000/tweeets/2
Completed 302 Found in 7ms (ActiveRecord: 2.0ms | Allocations: 2893)


Started GET "/tweeets/2" for ::1 at 2020-07-07 10:13:10 -0400
Processing by TweeetsController#show as HTML
  Parameters: {"id"=>"2"}
  [1m[36mTweeet Load (0.3ms)[0m  [1m[34mSELECT "tweeets".* FROM "tweeets" WHERE "tweeets"."id" = ? LIMIT ?[0m  [["id", 2], ["LIMIT", 1]]
  ↳ app/controllers/tweeets_controller.rb:68:in `set_tweeet'
  Rendering tweeets/show.html.erb within layouts/application
  Rendered tweeets/show.html.erb within layouts/application (Duration: 2.0ms | Allocations: 244)
[Webpacker] Everything's up-to-date. Nothing to do
Completed 200 OK in 36ms (Views: 29.4ms | ActiveRecord: 0.3ms | Allocations: 6350)


Started GET "/" for ::1 at 2020-07-07 10:13:11 -0400
Processing by TweeetsController#index as HTML
  Rendering tweeets/index.html.erb within layouts/application
  Rendered tweeets/_trends.html.erb (Duration: 0.0ms | Allocations: 6)
  Rendered tweeets/_form.html.erb (Duration: 10.4ms | Allocations: 2712)
  [1m[36mTweeet Load (0.2ms)[0m  [1m[34mSELECT "tweeets".* FROM "tweeets" ORDER BY created_at DESC[0m
  ↳ app/views/tweeets/_feed.html.erb:13
  Rendered tweeets/_feed.html.erb (Duration: 14.3ms | Allocations: 3713)
  Rendered tweeets/_who-to-follow.html.erb (Duration: 0.0ms | Allocations: 5)
  Rendered tweeets/index.html.erb within layouts/application (Duration: 14.9ms | Allocations: 3908)
[Webpacker] Everything's up-to-date. Nothing to do
Completed 200 OK in 37ms (Views: 34.7ms | ActiveRecord: 0.2ms | Allocations: 8835)


Started GET "/tweeets/2" for ::1 at 2020-07-07 10:13:12 -0400
Processing by TweeetsController#show as HTML
  Parameters: {"id"=>"2"}
  [1m[36mTweeet Load (0.2ms)[0m  [1m[34mSELECT "tweeets".* FROM "tweeets" WHERE "tweeets"."id" = ? LIMIT ?[0m  [["id", 2], ["LIMIT", 1]]
  ↳ app/controllers/tweeets_controller.rb:68:in `set_tweeet'
  Rendering tweeets/show.html.erb within layouts/application
  Rendered tweeets/show.html.erb within layouts/application (Duration: 0.4ms | Allocations: 79)
[Webpacker] Everything's up-to-date. Nothing to do
Completed 200 OK in 16ms (Views: 12.4ms | ActiveRecord: 0.2ms | Allocations: 5623)


Started GET "/tweeets" for ::1 at 2020-07-07 10:13:14 -0400
Processing by TweeetsController#index as HTML
  Rendering tweeets/index.html.erb within layouts/application
  Rendered tweeets/_trends.html.erb (Duration: 0.1ms | Allocations: 6)
  Rendered tweeets/_form.html.erb (Duration: 7.0ms | Allocations: 2711)
  [1m[36mTweeet Load (0.2ms)[0m  [1m[34mSELECT "tweeets".* FROM "tweeets" ORDER BY created_at DESC[0m
  ↳ app/views/tweeets/_feed.html.erb:13
  Rendered tweeets/_feed.html.erb (Duration: 9.2ms | Allocations: 3719)
  Rendered tweeets/_who-to-follow.html.erb (Duration: 0.0ms | Allocations: 5)
  Rendered tweeets/index.html.erb within layouts/application (Duration: 10.0ms | Allocations: 3915)
[Webpacker] Everything's up-to-date. Nothing to do
Completed 200 OK in 28ms (Views: 25.1ms | ActiveRecord: 0.2ms | Allocations: 8852)


Started POST "/tweeets" for ::1 at 2020-07-07 10:15:16 -0400
  [1m[35m (0.1ms)[0m  [1m[34mSELECT sqlite_version(*)[0m
Processing by TweeetsController#create as HTML
  Parameters: {"authenticity_token"=>"kloSAOvG1EFd5TP0cPRmB8z/fO6Ej54gWmFSOUZ4HgQkzobVwgNjLm2AbrdZersQ6/H/dHJwEVeGPJf0WOUJYw==", "tweeet"=>{"tweeet"=>"Tweet #3"}, "commit"=>"Create Tweeet"}
  [1m[35m (0.1ms)[0m  [1m[36mbegin transaction[0m
  ↳ app/controllers/tweeets_controller.rb:31:in `block in create'
  [1m[36mTweeet Create (0.8ms)[0m  [1m[32mINSERT INTO "tweeets" ("tweeet", "created_at", "updated_at") VALUES (?, ?, ?)[0m  [["tweeet", "Tweet #3"], ["created_at", "2020-07-07 14:15:16.810184"], ["updated_at", "2020-07-07 14:15:16.810184"]]
  ↳ app/controllers/tweeets_controller.rb:31:in `block in create'
  [1m[35m (0.9ms)[0m  [1m[36mcommit transaction[0m
  ↳ app/controllers/tweeets_controller.rb:31:in `block in create'
Redirected to http://localhost:3000/
Completed 302 Found in 32ms (ActiveRecord: 2.8ms | Allocations: 5882)


Started GET "/" for ::1 at 2020-07-07 10:15:16 -0400
Processing by TweeetsController#index as HTML
  Rendering tweeets/index.html.erb within layouts/application
  Rendered tweeets/_trends.html.erb (Duration: 0.5ms | Allocations: 6)
  Rendered tweeets/_form.html.erb (Duration: 18.2ms | Allocations: 2772)
  [1m[36mTweeet Load (0.6ms)[0m  [1m[34mSELECT "tweeets".* FROM "tweeets" ORDER BY created_at DESC[0m
  ↳ app/views/tweeets/_feed.html.erb:13
  Rendered tweeets/_feed.html.erb (Duration: 28.5ms | Allocations: 4196)
  Rendered tweeets/_who-to-follow.html.erb (Duration: 0.1ms | Allocations: 34)
  Rendered tweeets/index.html.erb within layouts/application (Duration: 31.6ms | Allocations: 4636)
[Webpacker] Everything's up-to-date. Nothing to do
Completed 200 OK in 61ms (Views: 58.8ms | ActiveRecord: 0.6ms | Allocations: 11104)


Started GET "/" for ::1 at 2020-07-07 10:17:12 -0400
Processing by TweeetsController#index as HTML
  Rendering tweeets/index.html.erb within layouts/application
  Rendered tweeets/_trends.html.erb (Duration: 0.1ms | Allocations: 6)
  Rendered tweeets/_form.html.erb (Duration: 9.7ms | Allocations: 2710)
  [1m[36mTweeet Load (0.2ms)[0m  [1m[34mSELECT "tweeets".* FROM "tweeets" ORDER BY created_at DESC[0m
  ↳ app/views/tweeets/_feed.html.erb:13
  Rendered tweeets/_feed.html.erb (Duration: 16.9ms | Allocations: 3859)
  Rendered tweeets/_who-to-follow.html.erb (Duration: 0.1ms | Allocations: 5)
  Rendered tweeets/index.html.erb within layouts/application (Duration: 17.9ms | Allocations: 4054)
[Webpacker] Everything's up-to-date. Nothing to do
Completed 200 OK in 1727ms (Views: 1723.7ms | ActiveRecord: 0.2ms | Allocations: 130835)


Started POST "/tweeets" for ::1 at 2020-07-07 10:17:18 -0400
Processing by TweeetsController#create as HTML
  Parameters: {"authenticity_token"=>"rylOr4bwc6sSOf/CZwd6dz5mWXBWuasjTz0k+eUbpzQIz1drcr24nzUtPpsJLoFMB2XHCzJK2tW74I8mQw/fsg==", "tweeet"=>{"tweeet"=>"Tweet #4"}, "commit"=>"Create Tweeet"}
  [1m[35m (0.1ms)[0m  [1m[36mbegin transaction[0m
  ↳ app/controllers/tweeets_controller.rb:31:in `block in create'
  [1m[36mTweeet Create (0.5ms)[0m  [1m[32mINSERT INTO "tweeets" ("tweeet", "created_at", "updated_at") VALUES (?, ?, ?)[0m  [["tweeet", "Tweet #4"], ["created_at", "2020-07-07 14:17:18.741809"], ["updated_at", "2020-07-07 14:17:18.741809"]]
  ↳ app/controllers/tweeets_controller.rb:31:in `block in create'
  [1m[35m (1.5ms)[0m  [1m[36mcommit transaction[0m
  ↳ app/controllers/tweeets_controller.rb:31:in `block in create'
Redirected to http://localhost:3000/
Completed 302 Found in 7ms (ActiveRecord: 2.1ms | Allocations: 2613)


Started GET "/" for ::1 at 2020-07-07 10:17:18 -0400
Processing by TweeetsController#index as HTML
  Rendering tweeets/index.html.erb within layouts/application
  Rendered tweeets/_trends.html.erb (Duration: 0.0ms | Allocations: 6)
  Rendered tweeets/_form.html.erb (Duration: 5.3ms | Allocations: 2714)
  [1m[36mTweeet Load (0.4ms)[0m  [1m[34mSELECT "tweeets".* FROM "tweeets" ORDER BY created_at DESC[0m
  ↳ app/views/tweeets/_feed.html.erb:13
  Rendered tweeets/_feed.html.erb (Duration: 9.3ms | Allocations: 4012)
  Rendered tweeets/_who-to-follow.html.erb (Duration: 0.0ms | Allocations: 5)
  Rendered tweeets/index.html.erb within layouts/application (Duration: 9.9ms | Allocations: 4207)
[Webpacker] Everything's up-to-date. Nothing to do
Completed 200 OK in 21ms (Views: 20.1ms | ActiveRecord: 0.4ms | Allocations: 9143)


  [1m[35m (1.0ms)[0m  [1m[34mSELECT sqlite_version(*)[0m
  [1m[35m (0.2ms)[0m  [1m[34mSELECT "schema_migrations"."version" FROM "schema_migrations" ORDER BY "schema_migrations"."version" ASC[0m
Migrating to DeviseCreateUsers (20200707141957)
  [1m[35m (0.1ms)[0m  [1m[36mbegin transaction[0m
  [1m[35m (0.6ms)[0m  [1m[35mCREATE TABLE "users" ("id" integer PRIMARY KEY AUTOINCREMENT NOT NULL, "email" varchar DEFAULT '' NOT NULL, "encrypted_password" varchar DEFAULT '' NOT NULL, "reset_password_token" varchar, "reset_password_sent_at" datetime, "remember_created_at" datetime, "created_at" datetime(6) NOT NULL, "updated_at" datetime(6) NOT NULL)[0m
  [1m[35m (0.1ms)[0m  [1m[35mCREATE UNIQUE INDEX "index_users_on_email" ON "users" ("email")[0m
  [1m[35m (0.1ms)[0m  [1m[35mCREATE UNIQUE INDEX "index_users_on_reset_password_token" ON "users" ("reset_password_token")[0m
  [1m[36mprimary::SchemaMigration Create (0.2ms)[0m  [1m[32mINSERT INTO "schema_migrations" ("version") VALUES (?)[0m  [["version", "20200707141957"]]
  [1m[35m (0.9ms)[0m  [1m[36mcommit transaction[0m
  [1m[36mActiveRecord::InternalMetadata Load (0.2ms)[0m  [1m[34mSELECT "ar_internal_metadata".* FROM "ar_internal_metadata" WHERE "ar_internal_metadata"."key" = ? LIMIT ?[0m  [["key", "environment"], ["LIMIT", 1]]
  [1m[35m (0.1ms)[0m  [1m[34mSELECT sqlite_version(*)[0m
  [1m[35m (0.1ms)[0m  [1m[34mSELECT "schema_migrations"."version" FROM "schema_migrations" ORDER BY "schema_migrations"."version" ASC[0m
DEPRECATION WARNING: Using `bin/rake routes` is deprecated and will be removed in Rails 6.1. Use `bin/rails routes` instead.
 (called from load at /Users/Airi/.rbenv/versions/2.6.1/bin/rake:23)
Started GET "/users/sign_up" for ::1 at 2020-07-07 10:25:18 -0400
  [1m[35m (0.8ms)[0m  [1m[34mSELECT sqlite_version(*)[0m
  [1m[35m (0.5ms)[0m  [1m[34mSELECT "schema_migrations"."version" FROM "schema_migrations" ORDER BY "schema_migrations"."version" ASC[0m
Processing by Devise::RegistrationsController#new as HTML
  Rendering devise/registrations/new.html.erb within layouts/application
  Rendered devise/shared/_links.html.erb (Duration: 2.8ms | Allocations: 553)
  Rendered devise/registrations/new.html.erb within layouts/application (Duration: 200.7ms | Allocations: 16347)
[Webpacker] Everything's up-to-date. Nothing to do
Completed 200 OK in 394ms (Views: 376.2ms | ActiveRecord: 0.8ms | Allocations: 35801)


  [1m[35m (0.9ms)[0m  [1m[34mSELECT sqlite_version(*)[0m
  [1m[35m (0.4ms)[0m  [1m[34mSELECT "schema_migrations"."version" FROM "schema_migrations" ORDER BY "schema_migrations"."version" ASC[0m
Migrating to AddFieldsToUsers (20200707143504)
  [1m[35m (0.4ms)[0m  [1m[34mSELECT sqlite_version(*)[0m
  [1m[35m (0.2ms)[0m  [1m[34mSELECT "schema_migrations"."version" FROM "schema_migrations" ORDER BY "schema_migrations"."version" ASC[0m
Migrating to AddFieldsToUsers (20200707143504)
  [1m[35m (0.5ms)[0m  [1m[34mSELECT sqlite_version(*)[0m
  [1m[35m (0.1ms)[0m  [1m[34mSELECT "schema_migrations"."version" FROM "schema_migrations" ORDER BY "schema_migrations"."version" ASC[0m
Migrating to AddFieldsToUsers (20200707143504)
  [1m[35m (0.1ms)[0m  [1m[36mbegin transaction[0m
  [1m[35m (0.7ms)[0m  [1m[35mALTER TABLE "users" ADD "name" varchar[0m
  [1m[35m (0.3ms)[0m  [1m[35mALTER TABLE "users" ADD "username" varchar[0m
  [1m[35m (0.4ms)[0m  [1m[35mCREATE UNIQUE INDEX "index_users_on_username" ON "users" ("username")[0m
  [1m[36mprimary::SchemaMigration Create (0.4ms)[0m  [1m[32mINSERT INTO "schema_migrations" ("version") VALUES (?)[0m  [["version", "20200707143504"]]
  [1m[35m (0.8ms)[0m  [1m[36mcommit transaction[0m
  [1m[36mActiveRecord::InternalMetadata Load (0.6ms)[0m  [1m[34mSELECT "ar_internal_metadata".* FROM "ar_internal_metadata" WHERE "ar_internal_metadata"."key" = ? LIMIT ?[0m  [["key", "environment"], ["LIMIT", 1]]
  [1m[35m (0.1ms)[0m  [1m[34mSELECT sqlite_version(*)[0m
  [1m[35m (0.1ms)[0m  [1m[34mSELECT "schema_migrations"."version" FROM "schema_migrations" ORDER BY "schema_migrations"."version" ASC[0m
Started GET "/" for ::1 at 2020-07-07 11:07:51 -0400
  [1m[35m (0.1ms)[0m  [1m[34mSELECT sqlite_version(*)[0m
  [1m[35m (0.9ms)[0m  [1m[34mSELECT "schema_migrations"."version" FROM "schema_migrations" ORDER BY "schema_migrations"."version" ASC[0m
Processing by TweeetsController#index as HTML
  Rendering tweeets/index.html.erb within layouts/application
  Rendered tweeets/_trends.html.erb (Duration: 0.6ms | Allocations: 105)
  Rendered tweeets/_form.html.erb (Duration: 30.6ms | Allocations: 3074)
  [1m[36mTweeet Load (0.5ms)[0m  [1m[34mSELECT "tweeets".* FROM "tweeets" ORDER BY created_at DESC[0m
  ↳ app/views/tweeets/_feed.html.erb:13
  Rendered tweeets/_feed.html.erb (Duration: 46.5ms | Allocations: 4891)
  Rendered tweeets/_who-to-follow.html.erb (Duration: 0.6ms | Allocations: 141)
  Rendered tweeets/index.html.erb within layouts/application (Duration: 64.6ms | Allocations: 5899)
[Webpacker] Everything's up-to-date. Nothing to do
Completed 200 OK in 128ms (Views: 103.6ms | ActiveRecord: 2.0ms | Allocations: 15148)


Started GET "/users/sign_up" for ::1 at 2020-07-07 11:07:53 -0400
Processing by Devise::RegistrationsController#new as HTML
  Rendering devise/registrations/new.html.erb within layouts/application
  Rendered devise/registrations/new.html.erb within layouts/application (Duration: 3.8ms | Allocations: 1521)
Completed 500 Internal Server Error in 36ms (ActiveRecord: 0.0ms | Allocations: 8085)



ActionView::SyntaxErrorInTemplate - Encountered a syntax error while rendering template: check <div class="section">
  <div class="container">
    <div class="column-is-4">

      <h2 class="title is-2">Sign up</h2>
      <%= simple_form_for(resource, as: resource_name, url: registration_path(resource_name)) do |f| %>
      <%= f.error_notification %>

      <div class="field">
        <div class="control">
          <%= f.input :email, required: true, autofocus: true, input_html: { class:"input" }, wrapper: false,
          label_html: {class:"label"} %>
        </div>
      </div>

      <div class="field">
        <div class="control">
          <% f.input :password, required: true, input_html: { class:"input" }, wrapper: false, label_html: {
            class:"label"}, hint: ("#{@minimum_password_length} characters minimum" if @minimum_password_length)
          %>
        </div>
      </div>

      <div class="field">
        <div class="control">
          <%= f.input :password_confirmation,
                      required: true,
                      input_html: { class: "input" }, wrapper: false,
                      label_html: { class: "label" } %>
        </div>
      </div>

      <div class="field">
        <div class="control">
          <%= f.button :submit, "Sign up", class:"button is-info is-medium" %>
        </div>
      </div>

    </div>
  </div>
</div>

<%= render "devise/shared/links" %>

:

Started POST "/__better_errors/5d9c603c4bd4baf4/variables" for ::1 at 2020-07-07 11:07:53 -0400
Started GET "/users/sign_up" for ::1 at 2020-07-07 11:09:07 -0400
Processing by Devise::RegistrationsController#new as HTML
  Rendering devise/registrations/new.html.erb within layouts/application
  Rendered devise/registrations/new.html.erb within layouts/application (Duration: 0.9ms | Allocations: 1235)
Completed 500 Internal Server Error in 5ms (ActiveRecord: 0.0ms | Allocations: 2992)



ActionView::SyntaxErrorInTemplate - Encountered a syntax error while rendering template: check <div class="section">
  <div class="container">
    <div class="column-is-4">

      <h2 class="title is-2">Sign up</h2>
      <%= simple_form_for(resource, as: resource_name, url: registration_path(resource_name)) do |f| %>
      <%= f.error_notification %>

      <div class="field">
        <div class="control">
          <%= f.input :email, required: true, autofocus: true, input_html: { class:"input" }, wrapper: false, label_html: {class:"label"} %>
        </div>
      </div>

      <div class="field">
        <div class="control">
          <% f.input :password, required: true, input_html: { class:"input" }, wrapper: false, label_html: {
            class:"label"}, hint: ("#{@minimum_password_length} characters minimum" if @minimum_password_length)
          %>
          </div>
        </div>

        <div class="field">
          <div class="control">
            <%= f.input :password_confirmation, required: true, input_html: { class: "input" }, wrapper: false, label_html: { class: "label" } %>
          </div>
        </div>

        <div class="field">
          <div class="control">
            <%= f.button :submit, "Sign up", class:"button is-info is-medium" %>
          </div>
        </div>

      </div>
    </div>
  </div>

:

Started POST "/__better_errors/c74fb9adb723fe8d/variables" for ::1 at 2020-07-07 11:09:07 -0400
Started GET "/users/sign_up" for ::1 at 2020-07-07 11:09:25 -0400
  [1m[35m (0.8ms)[0m  [1m[34mSELECT sqlite_version(*)[0m
  [1m[35m (0.4ms)[0m  [1m[34mSELECT "schema_migrations"."version" FROM "schema_migrations" ORDER BY "schema_migrations"."version" ASC[0m
Processing by Devise::RegistrationsController#new as HTML
  Rendering devise/registrations/new.html.erb within layouts/application
  Rendered devise/registrations/new.html.erb within layouts/application (Duration: 3.5ms | Allocations: 1707)
Completed 500 Internal Server Error in 28ms (ActiveRecord: 0.7ms | Allocations: 11710)



ActionView::SyntaxErrorInTemplate - Encountered a syntax error while rendering template: check <div class="section">
  <div class="container">
    <div class="column-is-4">

      <h2 class="title is-2">Sign up</h2>
      <%= simple_form_for(resource, as: resource_name, url: registration_path(resource_name)) do |f| %>
      <%= f.error_notification %>

      <div class="field">
        <div class="control">
          <%= f.input :email, required: true, autofocus: true, input_html: { class:"input" }, wrapper: false, label_html: {class:"label"} %>
        </div>
      </div>

      <div class="field">
        <div class="control">
          <% f.input :password, required: true, input_html: { class:"input" }, wrapper: false, label_html: {
            class:"label"}, hint: ("#{@minimum_password_length} characters minimum" if @minimum_password_length)
          %>
          </div>
        </div>

        <div class="field">
          <div class="control">
            <%= f.input :password_confirmation, required: true, input_html: { class: "input" }, wrapper: false, label_html: { class: "label" } %>
          </div>
        </div>

        <div class="field">
          <div class="control">
            <%= f.button :submit, "Sign up", class:"button is-info is-medium" %>
          </div>
        </div>

      </div>
    </div>
  </div>

:

Started POST "/__better_errors/63166805784002c2/variables" for ::1 at 2020-07-07 11:09:25 -0400
Started POST "/__better_errors/63166805784002c2/variables" for ::1 at 2020-07-07 11:09:28 -0400
Started POST "/__better_errors/63166805784002c2/variables" for ::1 at 2020-07-07 11:09:29 -0400
Started POST "/__better_errors/63166805784002c2/variables" for ::1 at 2020-07-07 11:09:30 -0400
Started POST "/__better_errors/63166805784002c2/variables" for ::1 at 2020-07-07 11:09:30 -0400
Started POST "/__better_errors/63166805784002c2/variables" for ::1 at 2020-07-07 11:09:31 -0400
Started GET "/users/sign_up" for ::1 at 2020-07-07 11:11:05 -0400
Processing by Devise::RegistrationsController#new as HTML
  Rendering devise/registrations/new.html.erb within layouts/application
  Rendered devise/registrations/new.html.erb within layouts/application (Duration: 1.3ms | Allocations: 1241)
Completed 500 Internal Server Error in 8ms (ActiveRecord: 0.0ms | Allocations: 3008)



ActionView::SyntaxErrorInTemplate - Encountered a syntax error while rendering template: check <div class="section">
  <div class="container">
    <div class="column is-centered">

      <div class="column-is-4">

        <h2 class="title is-2">Sign up</h2>
        <%= simple_form_for(resource, as: resource_name, url: registration_path(resource_name)) do |f| %>
        <%= f.error_notification %>

        <div class="field">
          <div class="control">
            <%= f.input :email, required: true, autofocus: true, input_html: { class:"input" }, wrapper: false, label_html: {class:"label"} %>
          </div>
        </div>

        <div class="field">
          <div class="control">
            <% f.input :password, required: true, input_html: { class:"input" }, wrapper: false, label_html: {
            class:"label"}, hint: ("#{@minimum_password_length} characters minimum" if @minimum_password_length)
          %>
            </div>
          </div>

          <div class="field">
            <div class="control">
              <%= f.input :password_confirmation, required: true, input_html: { class: "input" }, wrapper: false, label_html: { class: "label" } %>
            </div>
          </div>

          <div class="field">
            <div class="control">
              <%= f.button :submit, "Sign up", class:"button is-info is-medium" %>
            </div>
          </div>

        </div>
      </div>
    </div>
  </div>

:

Started POST "/__better_errors/593d74aea2c52a5b/variables" for ::1 at 2020-07-07 11:11:05 -0400
Started GET "/users/sign_up" for ::1 at 2020-07-07 11:14:34 -0400
Processing by Devise::RegistrationsController#new as HTML
  Rendering devise/registrations/new.html.erb within layouts/application
  Rendered devise/shared/_links.html.erb (Duration: 1.6ms | Allocations: 553)
  Rendered devise/registrations/new.html.erb within layouts/application (Duration: 69.8ms | Allocations: 17898)
[Webpacker] Everything's up-to-date. Nothing to do
Completed 200 OK in 111ms (Views: 109.6ms | ActiveRecord: 0.0ms | Allocations: 27305)


Started GET "/users/sign_up" for ::1 at 2020-07-07 11:15:29 -0400
Processing by Devise::RegistrationsController#new as HTML
  Rendering devise/registrations/new.html.erb within layouts/application
  Rendered devise/shared/_links.html.erb (Duration: 0.9ms | Allocations: 490)
  Rendered devise/registrations/new.html.erb within layouts/application (Duration: 15.0ms | Allocations: 6592)
[Webpacker] Everything's up-to-date. Nothing to do
Completed 200 OK in 29ms (Views: 27.9ms | ActiveRecord: 0.0ms | Allocations: 13256)


Started GET "/users/sign_up" for ::1 at 2020-07-07 11:16:31 -0400
Processing by Devise::RegistrationsController#new as HTML
  Rendering devise/registrations/new.html.erb within layouts/application
  Rendered devise/shared/_links.html.erb (Duration: 1.6ms | Allocations: 502)
  Rendered devise/registrations/new.html.erb within layouts/application (Duration: 15.0ms | Allocations: 6623)
[Webpacker] Everything's up-to-date. Nothing to do
Completed 200 OK in 43ms (Views: 42.4ms | ActiveRecord: 0.0ms | Allocations: 13309)


Started GET "/users/sign_up" for ::1 at 2020-07-07 11:18:24 -0400
Processing by Devise::RegistrationsController#new as HTML
  Rendering devise/registrations/new.html.erb within layouts/application
  Rendered devise/shared/_links.html.erb (Duration: 1.2ms | Allocations: 490)
  Rendered devise/registrations/new.html.erb within layouts/application (Duration: 18.4ms | Allocations: 9949)
[Webpacker] Everything's up-to-date. Nothing to do
Completed 200 OK in 34ms (Views: 33.1ms | ActiveRecord: 0.0ms | Allocations: 16629)


Started POST "/users" for ::1 at 2020-07-07 11:18:37 -0400
Processing by Devise::RegistrationsController#create as HTML
  Parameters: {"authenticity_token"=>"6jJKR1GekLpl01cqr2VfK3lK7+chWeqxM1hJWx8I+phN1FODpdNbjkLHlnPBTKQQQElxnEWqm0fHheKEuRyCHg==", "user"=>{"name"=>"", "username"=>"", "email"=>"", "password"=>"[FILTERED]", "password_confirmation"=>"[FILTERED]"}, "commit"=>"Sign up"}
[31mUnpermitted parameters: :name, :username[0m
  Rendering devise/registrations/new.html.erb within layouts/application
  Rendered devise/shared/_links.html.erb (Duration: 0.1ms | Allocations: 80)
  Rendered devise/registrations/new.html.erb within layouts/application (Duration: 13.8ms | Allocations: 8750)
[Webpacker] Everything's up-to-date. Nothing to do
Completed 200 OK in 37ms (Views: 28.8ms | ActiveRecord: 0.0ms | Allocations: 17537)


Started POST "/users" for ::1 at 2020-07-07 11:21:55 -0400
Processing by Devise::RegistrationsController#create as HTML
  Parameters: {"authenticity_token"=>"6jJKR1GekLpl01cqr2VfK3lK7+chWeqxM1hJWx8I+phN1FODpdNbjkLHlnPBTKQQQElxnEWqm0fHheKEuRyCHg==", "user"=>{"name"=>"", "username"=>"", "email"=>"", "password"=>"[FILTERED]", "password_confirmation"=>"[FILTERED]"}, "commit"=>"Sign up"}
[31mUnpermitted parameters: :name, :username[0m
  Rendering devise/registrations/new.html.erb within layouts/application
  Rendered devise/shared/_links.html.erb (Duration: 1.0ms | Allocations: 490)
  Rendered devise/registrations/new.html.erb within layouts/application (Duration: 13.7ms | Allocations: 9644)
[Webpacker] Everything's up-to-date. Nothing to do
Completed 200 OK in 41ms (Views: 26.7ms | ActiveRecord: 0.0ms | Allocations: 19278)


Started GET "/users/sign_in" for ::1 at 2020-07-07 11:21:58 -0400
Processing by Devise::SessionsController#new as HTML
  Rendering devise/sessions/new.html.erb within layouts/application
  Rendered devise/shared/_links.html.erb (Duration: 0.5ms | Allocations: 215)
  Rendered devise/sessions/new.html.erb within layouts/application (Duration: 18.3ms | Allocations: 8603)
[Webpacker] Everything's up-to-date. Nothing to do
Completed 200 OK in 30ms (Views: 29.1ms | ActiveRecord: 0.0ms | Allocations: 14502)


Started GET "/users/password/new" for ::1 at 2020-07-07 11:22:00 -0400
Processing by Devise::PasswordsController#new as HTML
  Rendering devise/passwords/new.html.erb within layouts/application
  Rendered devise/shared/_links.html.erb (Duration: 0.5ms | Allocations: 142)
  Rendered devise/passwords/new.html.erb within layouts/application (Duration: 9.0ms | Allocations: 3252)
[Webpacker] Everything's up-to-date. Nothing to do
Completed 200 OK in 22ms (Views: 20.2ms | ActiveRecord: 0.0ms | Allocations: 9003)


Started GET "/users/sign_up" for ::1 at 2020-07-07 11:22:01 -0400
Processing by Devise::RegistrationsController#new as HTML
  Rendering devise/registrations/new.html.erb within layouts/application
  Rendered devise/shared/_links.html.erb (Duration: 0.3ms | Allocations: 80)
  Rendered devise/registrations/new.html.erb within layouts/application (Duration: 23.8ms | Allocations: 8684)
[Webpacker] Everything's up-to-date. Nothing to do
Completed 200 OK in 34ms (Views: 32.8ms | ActiveRecord: 0.0ms | Allocations: 13763)


Started GET "/users/sign_in" for ::1 at 2020-07-07 11:22:03 -0400
Processing by Devise::SessionsController#new as HTML
  Rendering devise/sessions/new.html.erb within layouts/application
  Rendered devise/shared/_links.html.erb (Duration: 0.2ms | Allocations: 134)
  Rendered devise/sessions/new.html.erb within layouts/application (Duration: 24.0ms | Allocations: 7568)
[Webpacker] Everything's up-to-date. Nothing to do
Completed 200 OK in 34ms (Views: 32.7ms | ActiveRecord: 0.0ms | Allocations: 12718)


Started GET "/users/sign_up" for ::1 at 2020-07-07 11:22:04 -0400
Processing by Devise::RegistrationsController#new as HTML
  Rendering devise/registrations/new.html.erb within layouts/application
  Rendered devise/shared/_links.html.erb (Duration: 0.2ms | Allocations: 79)
  Rendered devise/registrations/new.html.erb within layouts/application (Duration: 38.6ms | Allocations: 8689)
[Webpacker] Everything's up-to-date. Nothing to do
Completed 200 OK in 55ms (Views: 54.2ms | ActiveRecord: 0.0ms | Allocations: 13751)


